<?xml version="1.0" encoding="UTF-8"?>
<!-- Generated by org.testng.reporters.JUnitReportReporter -->
<testsuite hostname="Lohith" failures="0" tests="1" name="listner.Demo_Listner_SoftAssert" time="10.390" errors="0" timestamp="2022-06-10T11:17:03 IST" skipped="0">
  <testcase classname="listner.Demo_Listner_SoftAssert" name="t1" time="10.390"/>
  <system-out>
    <![CDATA[test started
test success]]>
  </system-out>
</testsuite> <!-- listner.Demo_Listner_SoftAssert -->
